[36m--[0m Using CATKIN_DEVEL_PREFIX: /home/gust/Desktop/CSCI5302/jami7095_ws/devel/.private/jami7095_hw2
[36m--[0m Using CMAKE_PREFIX_PATH: /home/gust/Desktop/CSCI5302/jami7095_ws/devel;/opt/ros/noetic
[36m--[0m This workspace overlays: /home/gust/Desktop/CSCI5302/jami7095_ws/devel;/opt/ros/noetic
[36m--[0m Found PythonInterp: /usr/bin/python3 (found suitable version "3.8.10", minimum required is "3")
[36m--[0m Using PYTHON_EXECUTABLE: /usr/bin/python3
[36m--[0m Using Debian Python package layout
[36m--[0m Using empy: /home/gust/.local/lib/python3.8/site-packages/em.py
[36m--[0m Using CATKIN_ENABLE_TESTING: ON
[36m--[0m Call enable_testing()
[36m--[0m Using CATKIN_TEST_RESULTS_DIR: /home/gust/Desktop/CSCI5302/jami7095_ws/build/jami7095_hw2/test_results
[36m--[0m Forcing gtest/gmock from source, though one was otherwise available.
[36m--[0m Found gtest sources under '/usr/src/googletest': gtests will be built
[36m--[0m Found gmock sources under '/usr/src/googletest': gmock will be built
[36m--[0m Found PythonInterp: /usr/bin/python3 (found version "3.8.10")
[36m--[0m Using Python nosetests: /usr/bin/nosetests3
[36m--[0m catkin 0.8.10
[36m--[0m BUILD_SHARED_LIBS is on
[36m--[0m Using these message generators: gencpp;geneus;genlisp;gennodejs;genpy
[36m--[0m jami7095_hw2: 0 messages, 1 services
[36m--[0m Installing devel-space wrapper /home/gust/Desktop/CSCI5302/jami7095_ws/src/jami7095_hw2/scripts/publisher.py to /home/gust/Desktop/CSCI5302/jami7095_ws/devel/.private/jami7095_hw2/lib/jami7095_hw2
[36m--[0m Installing devel-space wrapper /home/gust/Desktop/CSCI5302/jami7095_ws/src/jami7095_hw2/scripts/subscriber.py to /home/gust/Desktop/CSCI5302/jami7095_ws/devel/.private/jami7095_hw2/lib/jami7095_hw2
[36m--[0m Installing devel-space wrapper /home/gust/Desktop/CSCI5302/jami7095_ws/src/jami7095_hw2/scripts/server.py to /home/gust/Desktop/CSCI5302/jami7095_ws/devel/.private/jami7095_hw2/lib/jami7095_hw2
[36m--[0m Installing devel-space wrapper /home/gust/Desktop/CSCI5302/jami7095_ws/src/jami7095_hw2/scripts/client.py to /home/gust/Desktop/CSCI5302/jami7095_ws/devel/.private/jami7095_hw2/lib/jami7095_hw2
[36m--[0m Configuring done
[36m--[0m Generating done
[36m--[0m Build files have been written to: /home/gust/Desktop/CSCI5302/jami7095_ws/build/jami7095_hw2
